SF:lib\main.dart
DA:6,0
DA:7,0
DA:11,1
DA:13,0
DA:22,1
DA:24,0
DA:25,0
DA:35,0
DA:37,0
DA:39,0
DA:40,0
DA:52,0
DA:53,0
DA:55,0
DA:58,0
DA:59,0
DA:60,0
DA:71,0
DA:73,0
DA:74,0
DA:75,0
DA:76,0
DA:77,0
DA:78,0
DA:79,0
DA:81,0
DA:83,0
DA:84,0
DA:85,0
DA:89,0
DA:90,0
DA:91,0
DA:94,0
DA:95,0
DA:96,0
DA:112,0
DA:113,0
DA:114,0
DA:116,0
DA:118,0
DA:123,0
DA:124,0
DA:125,0
DA:127,0
DA:129,0
DA:134,0
DA:135,0
DA:136,0
DA:137,0
DA:138,0
DA:140,0
DA:144,0
DA:145,0
DA:146,0
DA:147,0
DA:152,0
DA:154,0
DA:155,0
DA:156,0
DA:160,1
LF:60
LH:3
end_of_record
